[24-03-2025_02-42-52] INFO [LogUtils] Testcase2 - Precondition: Navigate to Home Page
[24-03-2025_02-42-52] INFO [LogUtils] Testcase - Precondition: Navigate to Home Page
[24-03-2025_02-42-56] INFO [LogUtils] Testcase2 - 🔵 Test Started: TC_01_VerifyVideoTitleContainSearchValue
[24-03-2025_02-42-56] INFO [LogUtils] Testcase2 - Click to Category options : Women
[24-03-2025_02-42-56] INFO [LogUtils] Testcase2 - ✅ Test Passed: TC_01_VerifyVideoTitleContainSearchValue
[24-03-2025_02-42-56] INFO [LogUtils] Testcase2 - Precondition: Navigate to Home Page
[24-03-2025_02-43-15] INFO [LogUtils] Testcase - 🔵 Test Started: TC_01_VerifyVideoTitleContainSearchValue
[24-03-2025_02-43-15] INFO [LogUtils] Testcase - Click to Category options : Women
[24-03-2025_02-43-15] INFO [LogUtils] Testcase - Click to Category sub options : Dress
[24-03-2025_02-43-17] INFO [LogUtils] Testcase - ❌ Test Failed: TC_01_VerifyVideoTitleContainSearchValue
[24-03-2025_02-43-17] INFO [LogUtils] Testcase - Precondition: Navigate to Home Page
[24-03-2025_02-43-18] INFO [LogUtils] Testcase2 - 🔵 Test Started: TC_02_VerifyVideoTitleContainSearchValue
[24-03-2025_02-43-18] INFO [LogUtils] Testcase2 - Click to Category options : Women
[24-03-2025_02-43-18] INFO [LogUtils] Testcase2 - ✅ Test Passed: TC_02_VerifyVideoTitleContainSearchValue
[24-03-2025_02-43-18] INFO [LogUtils] Testcase2 - Finish Test: TestSomeThings2
[24-03-2025_02-43-19] INFO [LogUtils] Testcase - 🔵 Test Started: TC_02_VerifyVideoTitleContainSearchValue
[24-03-2025_02-43-19] INFO [LogUtils] Testcase - Click to Category options : Women
[24-03-2025_02-43-19] INFO [LogUtils] Testcase - Click to Category sub options : Dress
[24-03-2025_02-43-20] INFO [LogUtils] Testcase - ✅ Test Passed: TC_02_VerifyVideoTitleContainSearchValue
[24-03-2025_02-43-21] INFO [LogUtils] Testcase - Finish Test: TestSomeThings
