[25-03-2025_23-34-58] INFO [BaseTest] common.BaseTest - Read properties file
[25-03-2025_23-35-05] INFO [HomePageActions] common.BaseTest - Precondition: Navigate to Home Page
[25-03-2025_23-35-05] INFO [BasePage] common.BaseTest - Wait for element visible Product Button
[25-03-2025_23-35-05] INFO [BasePage] common.BaseTest - Click/tap on Product Button
[25-03-2025_23-35-07] INFO [ExtentListener] listener.ExtentListener - Running test case TC_01_VerifyVideoTitleContainSearchValue
[25-03-2025_23-35-07] INFO [BasePage] common.BaseTest - Wait for element visible Click to Category options : Women
[25-03-2025_23-35-07] INFO [BasePage] common.BaseTest - Click/tap on Category options : Women
[25-03-2025_23-35-07] INFO [BasePage] common.BaseTest - Wait for element visible Click to Category sub options : Dress
[25-03-2025_23-35-07] INFO [BasePage] common.BaseTest - Click/tap on Category sub options : Dress
[25-03-2025_23-35-08] ERROR [ExtentListener] listener.ExtentListener - Test case TC_01_VerifyVideoTitleContainSearchValue is skipped.
[25-03-2025_23-35-08] ERROR [ExtentListener] listener.ExtentListener - java.lang.AssertionError: expected [true] but found [false]
[25-03-2025_23-35-08] INFO [HomePageActions] common.BaseTest - Precondition: Navigate to Home Page
[25-03-2025_23-35-08] INFO [BasePage] common.BaseTest - Wait for element visible Product Button
[25-03-2025_23-35-08] INFO [BasePage] common.BaseTest - Click/tap on Product Button
[25-03-2025_23-35-15] INFO [ExtentListener] listener.ExtentListener - Running test case TC_01_VerifyVideoTitleContainSearchValue
[25-03-2025_23-35-15] INFO [BasePage] common.BaseTest - Wait for element visible Click to Category options : Women
[25-03-2025_23-35-15] INFO [BasePage] common.BaseTest - Click/tap on Category options : Women
[25-03-2025_23-35-15] INFO [BasePage] common.BaseTest - Wait for element visible Click to Category sub options : Dress
[25-03-2025_23-35-16] INFO [BasePage] common.BaseTest - Click/tap on Category sub options : Dress
[25-03-2025_23-35-17] ERROR [ExtentListener] listener.ExtentListener - Test case TC_01_VerifyVideoTitleContainSearchValue is failed.
[25-03-2025_23-35-17] ERROR [ExtentListener] listener.ExtentListener - java.lang.AssertionError: expected [true] but found [false]
[25-03-2025_23-35-17] INFO [HomePageActions] common.BaseTest - Precondition: Navigate to Home Page
[25-03-2025_23-35-17] INFO [BasePage] common.BaseTest - Wait for element visible Product Button
[25-03-2025_23-35-17] INFO [BasePage] common.BaseTest - Click/tap on Product Button
[25-03-2025_23-35-19] INFO [ExtentListener] listener.ExtentListener - Running test case TC_02_VerifyVideoTitleContainSearchValue
[25-03-2025_23-35-19] INFO [BasePage] common.BaseTest - Wait for element visible Click to Category options : Women
[25-03-2025_23-35-19] INFO [BasePage] common.BaseTest - Click/tap on Category options : Women
[25-03-2025_23-35-19] INFO [BasePage] common.BaseTest - Wait for element visible Click to Category sub options : Dress
[25-03-2025_23-35-20] INFO [BasePage] common.BaseTest - Click/tap on Category sub options : Dress
[25-03-2025_23-35-21] INFO [ExtentListener] listener.ExtentListener - Test case TC_02_VerifyVideoTitleContainSearchValue is passed.
[25-03-2025_23-35-21] INFO [ExtentListener] listener.ExtentListener - End testing TestSomeThings
