[24-03-2025_23-00-18] INFO [BaseTest] common.BaseTest - Read properties file
[24-03-2025_23-00-21] INFO [HomePageActions] common.BaseTest - Precondition: Navigate to Home Page
[24-03-2025_23-00-21] INFO [BasePage] common.BaseTest - Wait for element visible Product Button
[24-03-2025_23-00-22] INFO [BasePage] common.BaseTest - Click/tap on Product Button
[24-03-2025_23-00-26] INFO [ExtentListener] listener.ExtentListener - Running test case TC_01_VerifyVideoTitleContainSearchValue
[24-03-2025_23-00-26] INFO [BasePage] common.BaseTest - Wait for element visible Click to Category options : Women
[24-03-2025_23-00-26] INFO [BasePage] common.BaseTest - Click/tap on Category options : Women
[24-03-2025_23-00-26] INFO [BasePage] common.BaseTest - Wait for element visible Click to Category sub options : Dress
[24-03-2025_23-00-26] INFO [BasePage] common.BaseTest - Click/tap on Category sub options : Dress
[24-03-2025_23-00-28] ERROR [ExtentListener] listener.ExtentListener - Test case TC_01_VerifyVideoTitleContainSearchValue is failed.
[24-03-2025_23-00-28] ERROR [ExtentListener] listener.ExtentListener - java.lang.AssertionError: expected [true] but found [false]
[24-03-2025_23-00-28] INFO [HomePageActions] common.BaseTest - Precondition: Navigate to Home Page
[24-03-2025_23-00-28] INFO [BasePage] common.BaseTest - Wait for element visible Product Button
[24-03-2025_23-00-28] INFO [BasePage] common.BaseTest - Click/tap on Product Button
[24-03-2025_23-00-29] INFO [ExtentListener] listener.ExtentListener - Running test case TC_02_VerifyVideoTitleContainSearchValue
[24-03-2025_23-00-29] INFO [BasePage] common.BaseTest - Wait for element visible Click to Category options : Women
[24-03-2025_23-00-29] INFO [BasePage] common.BaseTest - Click/tap on Category options : Women
[24-03-2025_23-00-29] INFO [BasePage] common.BaseTest - Wait for element visible Click to Category sub options : Dress
[24-03-2025_23-00-30] INFO [BasePage] common.BaseTest - Click/tap on Category sub options : Dress
[24-03-2025_23-00-31] INFO [ExtentListener] listener.ExtentListener - Test case TC_02_VerifyVideoTitleContainSearchValue is passed.
[24-03-2025_23-00-31] INFO [ExtentListener] listener.ExtentListener - End testing TestSomeThings
