[24-03-2025_03-14-21] INFO [BaseTest] common.BaseTest - Read properties file
[24-03-2025_03-14-25] INFO [HomePageActions] common.BaseTest - Precondition: Navigate to Home Page
[24-03-2025_03-14-25] INFO [BasePage] common.BaseTest - Wait for element visible Product Button
[24-03-2025_03-14-25] INFO [BasePage] common.BaseTest - Click/tap on Product Button
[24-03-2025_03-14-27] INFO [ExtentListener] listener.ExtentListener - Running test case TC_01_VerifyVideoTitleContainSearchValue
[24-03-2025_03-14-27] INFO [CategoryPageActions] common.BaseTest - Click to Category options : Women
[24-03-2025_03-14-27] INFO [BasePage] common.BaseTest - Wait for element visible Click to Category options : Women
[24-03-2025_03-14-27] INFO [BasePage] common.BaseTest - Click/tap on Click to Category options : Women
[24-03-2025_03-14-27] INFO [CategoryPageActions] common.BaseTest - Click to Category sub options : Dress
[24-03-2025_03-14-27] INFO [BasePage] common.BaseTest - Wait for element visible Click to Category sub options : Dress
[24-03-2025_03-14-27] INFO [BasePage] common.BaseTest - Click/tap on Click to Category sub options : Dress
[24-03-2025_03-14-28] ERROR [ExtentListener] listener.ExtentListener - Test case TC_01_VerifyVideoTitleContainSearchValue is skipped.
[24-03-2025_03-14-28] ERROR [ExtentListener] listener.ExtentListener - java.lang.AssertionError: expected [true] but found [false]
[24-03-2025_03-14-28] INFO [HomePageActions] common.BaseTest - Precondition: Navigate to Home Page
[24-03-2025_03-14-28] INFO [BasePage] common.BaseTest - Wait for element visible Product Button
[24-03-2025_03-14-28] INFO [BasePage] common.BaseTest - Click/tap on Product Button
[24-03-2025_03-14-29] INFO [ExtentListener] listener.ExtentListener - Running test case TC_01_VerifyVideoTitleContainSearchValue
[24-03-2025_03-14-29] INFO [CategoryPageActions] common.BaseTest - Click to Category options : Women
[24-03-2025_03-14-29] INFO [BasePage] common.BaseTest - Wait for element visible Click to Category options : Women
[24-03-2025_03-14-29] INFO [BasePage] common.BaseTest - Click/tap on Click to Category options : Women
[24-03-2025_03-14-29] INFO [CategoryPageActions] common.BaseTest - Click to Category sub options : Dress
[24-03-2025_03-14-29] INFO [BasePage] common.BaseTest - Wait for element visible Click to Category sub options : Dress
[24-03-2025_03-14-30] INFO [BasePage] common.BaseTest - Click/tap on Click to Category sub options : Dress
[24-03-2025_03-14-31] ERROR [ExtentListener] listener.ExtentListener - Test case TC_01_VerifyVideoTitleContainSearchValue is failed.
[24-03-2025_03-14-31] ERROR [ExtentListener] listener.ExtentListener - Test case TC_01_VerifyVideoTitleContainSearchValue is failed.
[24-03-2025_03-14-31] INFO [ExtentListener] listener.ExtentListener - End testing TestSomeThings
