[24-03-2025_03-17-51] INFO [BaseTest] common.BaseTest - Read properties file
[24-03-2025_03-17-55] INFO [HomePageActions] common.BaseTest - Precondition: Navigate to Home Page
[24-03-2025_03-17-55] INFO [BasePage] common.BaseTest - Wait for element visible Product Button
[24-03-2025_03-17-55] INFO [BasePage] common.BaseTest - Click/tap on Product Button
[24-03-2025_03-17-57] INFO [ExtentListener] listener.ExtentListener - Running test case TC_01_VerifyVideoTitleContainSearchValue
[24-03-2025_03-17-57] INFO [CategoryPageActions] common.BaseTest - Click to Category options : Women
[24-03-2025_03-17-57] INFO [BasePage] common.BaseTest - Wait for element visible Click to Category options : Women
[24-03-2025_03-17-57] INFO [BasePage] common.BaseTest - Click/tap on Click to Category options : Women
[24-03-2025_03-17-57] INFO [CategoryPageActions] common.BaseTest - Click to Category sub options : Dress
[24-03-2025_03-17-57] INFO [BasePage] common.BaseTest - Wait for element visible Click to Category sub options : Dress
[24-03-2025_03-17-57] INFO [BasePage] common.BaseTest - Click/tap on Click to Category sub options : Dress
[24-03-2025_03-17-59] ERROR [ExtentListener] listener.ExtentListener - Test case TC_01_VerifyVideoTitleContainSearchValue is skipped.
[24-03-2025_03-17-59] ERROR [ExtentListener] listener.ExtentListener - java.lang.AssertionError: expected [true] but found [false]
[24-03-2025_03-17-59] INFO [HomePageActions] common.BaseTest - Precondition: Navigate to Home Page
[24-03-2025_03-17-59] INFO [BasePage] common.BaseTest - Wait for element visible Product Button
[24-03-2025_03-17-59] INFO [BasePage] common.BaseTest - Click/tap on Product Button
[24-03-2025_03-18-00] INFO [ExtentListener] listener.ExtentListener - Running test case TC_01_VerifyVideoTitleContainSearchValue
[24-03-2025_03-18-00] INFO [CategoryPageActions] common.BaseTest - Click to Category options : Women
[24-03-2025_03-18-00] INFO [BasePage] common.BaseTest - Wait for element visible Click to Category options : Women
[24-03-2025_03-18-00] INFO [BasePage] common.BaseTest - Click/tap on Click to Category options : Women
[24-03-2025_03-18-00] INFO [CategoryPageActions] common.BaseTest - Click to Category sub options : Dress
[24-03-2025_03-18-00] INFO [BasePage] common.BaseTest - Wait for element visible Click to Category sub options : Dress
[24-03-2025_03-18-00] INFO [BasePage] common.BaseTest - Click/tap on Click to Category sub options : Dress
[24-03-2025_03-18-01] ERROR [ExtentListener] listener.ExtentListener - Test case TC_01_VerifyVideoTitleContainSearchValue is failed.
[24-03-2025_03-18-01] ERROR [ExtentListener] listener.ExtentListener - Test case TC_01_VerifyVideoTitleContainSearchValue is failed.
[24-03-2025_03-18-01] INFO [ExtentListener] listener.ExtentListener - End testing TestSomeThings
