[24-03-2025_02-39-31] INFO [LogUtils] Testcase - Precondition: Navigate to Home Page
[24-03-2025_02-39-32] INFO [LogUtils] Testcase2 - Precondition: Navigate to Home Page
[24-03-2025_02-39-33] INFO [LogUtils] Testcase - 🔵 Test Started: TC_01_VerifyVideoTitleContainSearchValue
[24-03-2025_02-39-33] INFO [LogUtils] Testcase - Click to Category options : Women
[24-03-2025_02-39-33] INFO [LogUtils] Testcase - Click to Category sub options : Dress
[24-03-2025_02-39-33] INFO [LogUtils] Testcase2 - 🔵 Test Started: TC_01_VerifyVideoTitleContainSearchValue
[24-03-2025_02-39-33] INFO [LogUtils] Testcase2 - Click to Category options : Women
[24-03-2025_02-39-33] INFO [LogUtils] Testcase2 - ✅ Test Passed: TC_01_VerifyVideoTitleContainSearchValue
[24-03-2025_02-39-33] INFO [LogUtils] Testcase2 - TC_01_VerifyVideoTitleContainSearchValue passed
[24-03-2025_02-39-33] INFO [LogUtils] Testcase2 - Precondition: Navigate to Home Page
[24-03-2025_02-39-34] INFO [LogUtils] Testcase - ❌ Test Failed: TC_01_VerifyVideoTitleContainSearchValue
[24-03-2025_02-39-34] INFO [LogUtils] Testcase - TC_01_VerifyVideoTitleContainSearchValue failed
[24-03-2025_02-39-34] INFO [LogUtils] Testcase - Precondition: Navigate to Home Page
[24-03-2025_02-39-35] INFO [LogUtils] Testcase2 - 🔵 Test Started: TC_02_VerifyVideoTitleContainSearchValue
[24-03-2025_02-39-35] INFO [LogUtils] Testcase2 - Click to Category options : Women
[24-03-2025_02-39-35] INFO [LogUtils] Testcase2 - ✅ Test Passed: TC_02_VerifyVideoTitleContainSearchValue
[24-03-2025_02-39-35] INFO [LogUtils] Testcase2 - TC_02_VerifyVideoTitleContainSearchValue passed
[24-03-2025_02-39-35] INFO [LogUtils] Testcase2 - Finish Test: TestSomeThings2
[24-03-2025_02-39-36] INFO [LogUtils] Testcase - 🔵 Test Started: TC_02_VerifyVideoTitleContainSearchValue
[24-03-2025_02-39-36] INFO [LogUtils] Testcase - Click to Category options : Women
[24-03-2025_02-39-36] INFO [LogUtils] Testcase - Click to Category sub options : Dress
[24-03-2025_02-39-37] INFO [LogUtils] Testcase - ✅ Test Passed: TC_02_VerifyVideoTitleContainSearchValue
[24-03-2025_02-39-37] INFO [LogUtils] Testcase - TC_02_VerifyVideoTitleContainSearchValue passed
[24-03-2025_02-39-37] INFO [LogUtils] Testcase - Finish Test: TestSomeThings
