[24-03-2025_22-43-43] INFO [BaseTest] common.BaseTest - Read properties file
[24-03-2025_22-43-51] INFO [HomePageActions] common.BaseTest - Precondition: Navigate to Home Page
[24-03-2025_22-43-51] INFO [BasePage] common.BaseTest - Wait for element visible Product Button
[24-03-2025_22-43-51] INFO [BasePage] common.BaseTest - Click/tap on Product Button
[24-03-2025_22-43-52] INFO [ExtentListener] listener.ExtentListener - Running test case TC_01_VerifyVideoTitleContainSearchValue
[24-03-2025_22-43-52] INFO [CategoryPageActions] common.BaseTest - Click to Category options : Women
[24-03-2025_22-43-52] INFO [BasePage] common.BaseTest - Wait for element visible Click to Category options : Women
[24-03-2025_22-43-52] INFO [BasePage] common.BaseTest - Click/tap on Click to Category options : Women
[24-03-2025_22-43-52] INFO [CategoryPageActions] common.BaseTest - Click to Category sub options : Dress
[24-03-2025_22-43-52] INFO [BasePage] common.BaseTest - Wait for element visible Click to Category sub options : Dress
[24-03-2025_22-43-52] INFO [BasePage] common.BaseTest - Click/tap on Click to Category sub options : Dress
[24-03-2025_22-43-53] ERROR [ExtentListener] listener.ExtentListener - Test case TC_01_VerifyVideoTitleContainSearchValue is failed.
[24-03-2025_22-43-53] ERROR [ExtentListener] listener.ExtentListener - java.lang.AssertionError: expected [true] but found [false]
[24-03-2025_22-43-54] INFO [HomePageActions] common.BaseTest - Precondition: Navigate to Home Page
[24-03-2025_22-43-54] INFO [BasePage] common.BaseTest - Wait for element visible Product Button
[24-03-2025_22-43-54] INFO [BasePage] common.BaseTest - Click/tap on Product Button
[24-03-2025_22-43-55] INFO [ExtentListener] listener.ExtentListener - Running test case TC_02_VerifyVideoTitleContainSearchValue
[24-03-2025_22-43-55] INFO [CategoryPageActions] common.BaseTest - Click to Category options : Women
[24-03-2025_22-43-55] INFO [BasePage] common.BaseTest - Wait for element visible Click to Category options : Women
[24-03-2025_22-43-55] INFO [BasePage] common.BaseTest - Click/tap on Click to Category options : Women
[24-03-2025_22-43-55] INFO [CategoryPageActions] common.BaseTest - Click to Category sub options : Dress
[24-03-2025_22-43-55] INFO [BasePage] common.BaseTest - Wait for element visible Click to Category sub options : Dress
[24-03-2025_22-43-55] INFO [BasePage] common.BaseTest - Click/tap on Click to Category sub options : Dress
[24-03-2025_22-43-56] INFO [ExtentListener] listener.ExtentListener - Test case TC_02_VerifyVideoTitleContainSearchValue is passed.
[24-03-2025_22-43-56] INFO [ExtentListener] listener.ExtentListener - End testing TestSomeThings
