[24-03-2025_02-52-44] INFO [BaseTest] common.BaseTest - Read properties file
[24-03-2025_02-52-48] INFO [HomePageActions] common.BaseTest - Precondition: Navigate to Home Page
[24-03-2025_02-52-48] INFO [BasePage] common.BaseTest - Wait for element visible Product Button
[24-03-2025_02-52-48] INFO [BasePage] common.BaseTest - Click/tap on Product Button
[24-03-2025_02-52-48] INFO [HomePageActions] common.BaseTest - Precondition: Navigate to Home Page
[24-03-2025_02-52-48] INFO [BasePage] common.BaseTest - Wait for element visible Product Button
[24-03-2025_02-52-48] INFO [BasePage] common.BaseTest - Click/tap on Product Button
[24-03-2025_02-52-50] INFO [Listener] listener.ExtentListener - 🔵 Test Started: TC_01_VerifyVideoTitleContainSearchValue
[24-03-2025_02-52-50] INFO [CategoryPageActions] common.BaseTest - Click to Category options : Women
[24-03-2025_02-52-50] INFO [BasePage] common.BaseTest - Wait for element visible Click to Category options : Women
[24-03-2025_02-52-50] INFO [BasePage] common.BaseTest - Click/tap on Click to Category options : Women
[24-03-2025_02-52-50] INFO [Listener] listener.ExtentListener - 🔵 Test Started: TC_01_VerifyVideoTitleContainSearchValue
[24-03-2025_02-52-50] INFO [CategoryPageActions] common.BaseTest - Click to Category options : Women
[24-03-2025_02-52-50] INFO [BasePage] common.BaseTest - Wait for element visible Click to Category options : Women
[24-03-2025_02-52-50] INFO [CategoryPageActions] common.BaseTest - Click to Category sub options : Dress
[24-03-2025_02-52-50] INFO [BasePage] common.BaseTest - Wait for element visible Click to Category sub options : Dress
[24-03-2025_02-52-50] INFO [BasePage] common.BaseTest - Click/tap on Click to Category options : Women
[24-03-2025_02-52-50] INFO [BasePage] common.BaseTest - Click/tap on Click to Category sub options : Dress
[24-03-2025_02-52-50] INFO [Listener] listener.ExtentListener - ✅ Test Passed: TC_01_VerifyVideoTitleContainSearchValue
[24-03-2025_02-52-50] INFO [HomePageActions] common.BaseTest - Precondition: Navigate to Home Page
[24-03-2025_02-52-50] INFO [BasePage] common.BaseTest - Wait for element visible Product Button
[24-03-2025_02-52-50] INFO [BasePage] common.BaseTest - Click/tap on Product Button
[24-03-2025_02-52-51] INFO [Listener] listener.ExtentListener - ⚠️ Test Skipped: TC_01_VerifyVideoTitleContainSearchValue
[24-03-2025_02-52-51] INFO [HomePageActions] common.BaseTest - Precondition: Navigate to Home Page
[24-03-2025_02-52-51] INFO [BasePage] common.BaseTest - Wait for element visible Product Button
[24-03-2025_02-52-51] INFO [BasePage] common.BaseTest - Click/tap on Product Button
[24-03-2025_02-52-52] INFO [Listener] listener.ExtentListener - 🔵 Test Started: TC_02_VerifyVideoTitleContainSearchValue
[24-03-2025_02-52-52] INFO [CategoryPageActions] common.BaseTest - Click to Category options : Women
[24-03-2025_02-52-52] INFO [BasePage] common.BaseTest - Wait for element visible Click to Category options : Women
[24-03-2025_02-52-52] INFO [BasePage] common.BaseTest - Click/tap on Click to Category options : Women
[24-03-2025_02-52-52] INFO [Listener] listener.ExtentListener - ✅ Test Passed: TC_02_VerifyVideoTitleContainSearchValue
[24-03-2025_02-52-52] INFO [Listener] listener.ExtentListener - 🔵 Test Started: TC_01_VerifyVideoTitleContainSearchValue
[24-03-2025_02-52-52] INFO [CategoryPageActions] common.BaseTest - Click to Category options : Women
[24-03-2025_02-52-52] INFO [BasePage] common.BaseTest - Wait for element visible Click to Category options : Women
[24-03-2025_02-52-52] INFO [Listener] listener.ExtentListener - Finish Test: TestSomeThings2
[24-03-2025_02-52-52] INFO [BasePage] common.BaseTest - Click/tap on Click to Category options : Women
[24-03-2025_02-52-52] INFO [CategoryPageActions] common.BaseTest - Click to Category sub options : Dress
[24-03-2025_02-52-52] INFO [BasePage] common.BaseTest - Wait for element visible Click to Category sub options : Dress
[24-03-2025_02-52-52] INFO [BasePage] common.BaseTest - Click/tap on Click to Category sub options : Dress
[24-03-2025_02-52-53] INFO [Listener] listener.ExtentListener - ❌ Test Failed: TC_01_VerifyVideoTitleContainSearchValue
[24-03-2025_02-52-54] INFO [HomePageActions] common.BaseTest - Precondition: Navigate to Home Page
[24-03-2025_02-52-54] INFO [BasePage] common.BaseTest - Wait for element visible Product Button
[24-03-2025_02-52-54] INFO [BasePage] common.BaseTest - Click/tap on Product Button
[24-03-2025_02-52-55] INFO [Listener] listener.ExtentListener - 🔵 Test Started: TC_02_VerifyVideoTitleContainSearchValue
[24-03-2025_02-52-55] INFO [CategoryPageActions] common.BaseTest - Click to Category options : Women
[24-03-2025_02-52-55] INFO [BasePage] common.BaseTest - Wait for element visible Click to Category options : Women
[24-03-2025_02-52-55] INFO [BasePage] common.BaseTest - Click/tap on Click to Category options : Women
[24-03-2025_02-52-55] INFO [CategoryPageActions] common.BaseTest - Click to Category sub options : Dress
[24-03-2025_02-52-55] INFO [BasePage] common.BaseTest - Wait for element visible Click to Category sub options : Dress
[24-03-2025_02-52-56] INFO [BasePage] common.BaseTest - Click/tap on Click to Category sub options : Dress
[24-03-2025_02-52-57] INFO [Listener] listener.ExtentListener - ✅ Test Passed: TC_02_VerifyVideoTitleContainSearchValue
[24-03-2025_02-52-57] INFO [Listener] listener.ExtentListener - Finish Test: TestSomeThings
